2026-07-13 21:09:54,288 - app.chat.data.loader - INFO - Loaded 02_district_wise_reported_cases.csv -> table district_crime_matrix (39 rows)
2026-07-13 21:09:54,322 - app.chat.data.loader - INFO - Loaded district_wise_major_heads_yearly.csv -> table district_major_heads_yearly (49 rows)
2026-07-13 21:09:54,333 - app.chat.data.loader - INFO - Loaded 01_crime_review_summary.csv -> table crime_review_summary (28 rows)
2026-07-13 21:09:54,347 - app.chat.data.loader - INFO - Loaded 09_crime_against_women.csv -> table crimes_against_women (24 rows)
2026-07-13 21:09:54,361 - app.chat.data.loader - INFO - Loaded 10_crime_against_children.csv -> table crimes_against_children (21 rows)
2026-07-13 21:09:54,373 - app.chat.data.loader - INFO - Loaded 11_crime_against_sc_st.csv -> table crimes_against_sc_st (6 rows)
2026-07-13 21:09:54,387 - app.chat.data.loader - INFO - Loaded 04_sakala_district_receipts_disposals.csv -> table sakala_disposals (38 rows)
2026-07-13 21:09:54,399 - app.chat.data.loader - INFO - Loaded 06_esign_fir_jan2026.csv -> table esign_fir (39 rows)
2026-07-13 21:09:54,411 - app.chat.data.loader - INFO - Loaded 07_esign_chargesheet_jan2026.csv -> table esign_chargesheet (39 rows)
2026-07-13 21:15:07,914 - app.chat.data.loader - INFO - Loaded 02_district_wise_reported_cases.csv -> table district_crime_matrix (39 rows)
2026-07-13 21:15:07,955 - app.chat.data.loader - INFO - Loaded district_wise_major_heads_yearly.csv -> table district_major_heads_yearly (49 rows)
2026-07-13 21:15:07,971 - app.chat.data.loader - INFO - Loaded 01_crime_review_summary.csv -> table crime_review_summary (28 rows)
2026-07-13 21:15:07,989 - app.chat.data.loader - INFO - Loaded 09_crime_against_women.csv -> table crimes_against_women (24 rows)
2026-07-13 21:15:08,005 - app.chat.data.loader - INFO - Loaded 10_crime_against_children.csv -> table crimes_against_children (21 rows)
2026-07-13 21:15:08,018 - app.chat.data.loader - INFO - Loaded 11_crime_against_sc_st.csv -> table crimes_against_sc_st (6 rows)
2026-07-13 21:15:08,033 - app.chat.data.loader - INFO - Loaded 04_sakala_district_receipts_disposals.csv -> table sakala_disposals (38 rows)
2026-07-13 21:15:08,053 - app.chat.data.loader - INFO - Loaded 06_esign_fir_jan2026.csv -> table esign_fir (39 rows)
2026-07-13 21:15:08,068 - app.chat.data.loader - INFO - Loaded 07_esign_chargesheet_jan2026.csv -> table esign_chargesheet (39 rows)
2026-07-13 21:15:53,007 - app.chat.data.loader - INFO - Loaded 02_district_wise_reported_cases.csv -> table district_crime_matrix (39 rows)
2026-07-13 21:15:53,037 - app.chat.data.loader - INFO - Loaded district_wise_major_heads_yearly.csv -> table district_major_heads_yearly (49 rows)
2026-07-13 21:15:53,048 - app.chat.data.loader - INFO - Loaded 01_crime_review_summary.csv -> table crime_review_summary (28 rows)
2026-07-13 21:15:53,060 - app.chat.data.loader - INFO - Loaded 09_crime_against_women.csv -> table crimes_against_women (24 rows)
2026-07-13 21:15:53,074 - app.chat.data.loader - INFO - Loaded 10_crime_against_children.csv -> table crimes_against_children (21 rows)
2026-07-13 21:15:53,088 - app.chat.data.loader - INFO - Loaded 11_crime_against_sc_st.csv -> table crimes_against_sc_st (6 rows)
2026-07-13 21:15:53,098 - app.chat.data.loader - INFO - Loaded 04_sakala_district_receipts_disposals.csv -> table sakala_disposals (38 rows)
2026-07-13 21:15:53,109 - app.chat.data.loader - INFO - Loaded 06_esign_fir_jan2026.csv -> table esign_fir (39 rows)
2026-07-13 21:15:53,120 - app.chat.data.loader - INFO - Loaded 07_esign_chargesheet_jan2026.csv -> table esign_chargesheet (39 rows)
2026-07-13 21:16:43,699 - app.chat.data.loader - INFO - Loaded 02_district_wise_reported_cases.csv -> table district_crime_matrix (39 rows)
2026-07-13 21:16:43,724 - app.chat.data.loader - INFO - Loaded district_wise_major_heads_yearly.csv -> table district_major_heads_yearly (49 rows)
2026-07-13 21:16:43,734 - app.chat.data.loader - INFO - Loaded 01_crime_review_summary.csv -> table crime_review_summary (28 rows)
2026-07-13 21:16:43,743 - app.chat.data.loader - INFO - Loaded 09_crime_against_women.csv -> table crimes_against_women (24 rows)
2026-07-13 21:16:43,754 - app.chat.data.loader - INFO - Loaded 10_crime_against_children.csv -> table crimes_against_children (21 rows)
2026-07-13 21:16:43,764 - app.chat.data.loader - INFO - Loaded 11_crime_against_sc_st.csv -> table crimes_against_sc_st (6 rows)
2026-07-13 21:16:43,774 - app.chat.data.loader - INFO - Loaded 04_sakala_district_receipts_disposals.csv -> table sakala_disposals (38 rows)
2026-07-13 21:16:43,785 - app.chat.data.loader - INFO - Loaded 06_esign_fir_jan2026.csv -> table esign_fir (39 rows)
2026-07-13 21:16:43,795 - app.chat.data.loader - INFO - Loaded 07_esign_chargesheet_jan2026.csv -> table esign_chargesheet (39 rows)
2026-07-13 21:17:15,662 - app.chat.data.loader - INFO - Loaded 02_district_wise_reported_cases.csv -> table district_crime_matrix (39 rows)
2026-07-13 21:17:15,701 - app.chat.data.loader - INFO - Loaded district_wise_major_heads_yearly.csv -> table district_major_heads_yearly (49 rows)
2026-07-13 21:17:15,720 - app.chat.data.loader - INFO - Loaded 01_crime_review_summary.csv -> table crime_review_summary (28 rows)
2026-07-13 21:17:15,734 - app.chat.data.loader - INFO - Loaded 09_crime_against_women.csv -> table crimes_against_women (24 rows)
2026-07-13 21:17:15,758 - app.chat.data.loader - INFO - Loaded 10_crime_against_children.csv -> table crimes_against_children (21 rows)
2026-07-13 21:17:15,777 - app.chat.data.loader - INFO - Loaded 11_crime_against_sc_st.csv -> table crimes_against_sc_st (6 rows)
2026-07-13 21:17:15,791 - app.chat.data.loader - INFO - Loaded 04_sakala_district_receipts_disposals.csv -> table sakala_disposals (38 rows)
2026-07-13 21:17:15,805 - app.chat.data.loader - INFO - Loaded 06_esign_fir_jan2026.csv -> table esign_fir (39 rows)
2026-07-13 21:17:15,817 - app.chat.data.loader - INFO - Loaded 07_esign_chargesheet_jan2026.csv -> table esign_chargesheet (39 rows)
2026-07-13 21:17:45,244 - app.chat.data.loader - INFO - Loaded 02_district_wise_reported_cases.csv -> table district_crime_matrix (39 rows)
2026-07-13 21:17:45,268 - app.chat.data.loader - INFO - Loaded district_wise_major_heads_yearly.csv -> table district_major_heads_yearly (49 rows)
2026-07-13 21:17:45,281 - app.chat.data.loader - INFO - Loaded 01_crime_review_summary.csv -> table crime_review_summary (28 rows)
2026-07-13 21:17:45,296 - app.chat.data.loader - INFO - Loaded 09_crime_against_women.csv -> table crimes_against_women (24 rows)
2026-07-13 21:17:45,309 - app.chat.data.loader - INFO - Loaded 10_crime_against_children.csv -> table crimes_against_children (21 rows)
2026-07-13 21:17:45,322 - app.chat.data.loader - INFO - Loaded 11_crime_against_sc_st.csv -> table crimes_against_sc_st (6 rows)
2026-07-13 21:17:45,335 - app.chat.data.loader - INFO - Loaded 04_sakala_district_receipts_disposals.csv -> table sakala_disposals (38 rows)
2026-07-13 21:17:45,351 - app.chat.data.loader - INFO - Loaded 06_esign_fir_jan2026.csv -> table esign_fir (39 rows)
2026-07-13 21:17:45,366 - app.chat.data.loader - INFO - Loaded 07_esign_chargesheet_jan2026.csv -> table esign_chargesheet (39 rows)
